#
# There is insufficient memory for the Java Runtime Environment to continue.
# Native memory allocation (malloc) failed to allocate 618128 bytes. Error detail: Chunk::new
# Possible reasons:
#   The system is out of physical RAM or swap space
#   This process is running with CompressedOops enabled, and the Java Heap may be blocking the growth of the native heap
# Possible solutions:
#   Reduce memory load on the system
#   Increase physical memory or swap space
#   Check if swap backing store is full
#   Decrease Java heap size (-Xmx/-Xms)
#   Decrease number of Java threads
#   Decrease Java thread stack sizes (-Xss)
#   Set larger code cache with -XX:ReservedCodeCacheSize=
#   JVM is running with Unscaled Compressed Oops mode in which the Java heap is
#     placed in the first 4GB address space. The Java Heap base address is the
#     maximum limit for the native heap growth. Please use -XX:HeapBaseMinAddress
#     to set the Java Heap base and to place the Java Heap above 4GB virtual address.
# This output file may be truncated or incomplete.
#
#  Out of Memory Error (arena.cpp:168), pid=21596, tid=16068
#
# JRE version: OpenJDK Runtime Environment Temurin-21.0.9+10 (21.0.9+10) (build 21.0.9+10-LTS)
# Java VM: OpenJDK 64-Bit Server VM Temurin-21.0.9+10 (21.0.9+10-LTS, mixed mode, sharing, tiered, compressed oops, compressed class ptrs, parallel gc, windows-amd64)
# No core dump will be written. Minidumps are not enabled by default on client versions of Windows
#

---------------  S U M M A R Y ------------

Command Line: --add-modules=ALL-SYSTEM --add-opens=java.base/java.util=ALL-UNNAMED --add-opens=java.base/java.lang=ALL-UNNAMED --add-opens=java.base/sun.nio.fs=ALL-UNNAMED -Declipse.application=org.eclipse.jdt.ls.core.id1 -Dosgi.bundles.defaultStartLevel=4 -Declipse.product=org.eclipse.jdt.ls.core.product -Djava.import.generatesMetadataFilesAtProjectRoot=false -DDetectVMInstallationsJob.disabled=true -Dfile.encoding=utf8 -XX:+UseParallelGC -XX:GCTimeRatio=4 -XX:AdaptiveSizePolicyWeight=90 -Dsun.zip.disableMemoryMapping=true -Xmx2G -Xms100m -Xlog:disable -javaagent:c:\Users\alima\.vscode\extensions\redhat.java-1.50.0-win32-x64\lombok\lombok-1.18.39-4050.jar -XX:+HeapDumpOnOutOfMemoryError -XX:HeapDumpPath=c:\Users\alima\AppData\Roaming\Code\User\workspaceStorage\e32d0ac6d57bb4a587cd8653543e1ad4\redhat.java -Daether.dependencyCollector.impl=bf c:\Users\alima\.vscode\extensions\redhat.java-1.50.0-win32-x64\server\plugins\org.eclipse.equinox.launcher_1.7.100.v20251111-0406.jar -configuration c:\Users\alima\AppData\Roaming\Code\User\globalStorage\redhat.java\1.50.0\config_win -data c:\Users\alima\AppData\Roaming\Code\User\workspaceStorage\e32d0ac6d57bb4a587cd8653543e1ad4\redhat.java\jdt_ws --pipe=\\.\pipe\lsp-d9c85fdf27481fb7589dfd0455859c10-sock

Host: 11th Gen Intel(R) Core(TM) i3-1115G4 @ 3.00GHz, 4 cores, 3G,  Windows 11 , 64 bit Build 26100 (10.0.26100.7309)
Time: Sun Dec 14 20:20:36 2025 Egypt Standard Time elapsed time: 22.517513 seconds (0d 0h 0m 22s)

---------------  T H R E A D  ---------------

Current thread (0x0000020925e8f480):  JavaThread "C2 CompilerThread0" daemon [_thread_in_native, id=16068, stack(0x0000006829f00000,0x000000682a000000) (1024K)]


Current CompileTask:
C2:22517 6955   !   4       java.nio.file.FileTreeWalker::next (144 bytes)

Stack: [0x0000006829f00000,0x000000682a000000]
Native frames: (J=compiled Java code, j=interpreted, Vv=VM code, C=native code)
V  [jvm.dll+0x6d6e29]
V  [jvm.dll+0x8b4b76]
V  [jvm.dll+0x8b712e]
V  [jvm.dll+0x8b7813]
V  [jvm.dll+0x283d86]
V  [jvm.dll+0xc66ed]
V  [jvm.dll+0xc6c31]
V  [jvm.dll+0x3be53b]
V  [jvm.dll+0x1e3d59]
V  [jvm.dll+0x24c0f3]
V  [jvm.dll+0x24b580]
V  [jvm.dll+0x1cb13e]
V  [jvm.dll+0x25b29d]
V  [jvm.dll+0x25982a]
V  [jvm.dll+0x3f7ea6]
V  [jvm.dll+0x85e9ad]
V  [jvm.dll+0x6d565d]
C  [ucrtbase.dll+0x37b0]
C  [KERNEL32.DLL+0x2e8d7]
C  [ntdll.dll+0x8c53c]


---------------  P R O C E S S  ---------------

Threads class SMR info:
_java_thread_list=0x000002096f701a80, length=35, elements={
0x000002090d55f050, 0x0000020925e89b40, 0x0000020925e8cc60, 0x0000020925e8dc40,
0x0000020925e8e930, 0x0000020925e940c0, 0x0000020925e96dc0, 0x0000020925e8f480,
0x0000020925f0d540, 0x000002096c210d50, 0x000002096c2b7170, 0x000002096cbfde00,
0x000002096cb59d00, 0x000002096cb683e0, 0x000002096cb68e10, 0x000002096d0b80c0,
0x000002096cd2b330, 0x000002096c5419c0, 0x000002096c53ff80, 0x000002096c53ebd0,
0x000002096c540ca0, 0x000002096c541330, 0x000002096c53f260, 0x000002096c540610,
0x000002096c542050, 0x000002096f5a1fa0, 0x000002096f5a1280, 0x000002096f5a1910,
0x000002096f5a0bf0, 0x000002096f5a2630, 0x000002096f5a2cc0, 0x000002096f5a3350,
0x000002096f5a0560, 0x000002096f5a39e0, 0x000002096f5a67d0
}

Java Threads: ( => current thread )
  0x000002090d55f050 JavaThread "main"                              [_thread_blocked, id=12108, stack(0x0000006829300000,0x0000006829400000) (1024K)]
  0x0000020925e89b40 JavaThread "Reference Handler"          daemon [_thread_blocked, id=17716, stack(0x0000006829900000,0x0000006829a00000) (1024K)]
  0x0000020925e8cc60 JavaThread "Finalizer"                  daemon [_thread_blocked, id=15960, stack(0x0000006829a00000,0x0000006829b00000) (1024K)]
  0x0000020925e8dc40 JavaThread "Signal Dispatcher"          daemon [_thread_blocked, id=3096, stack(0x0000006829b00000,0x0000006829c00000) (1024K)]
  0x0000020925e8e930 JavaThread "Attach Listener"            daemon [_thread_blocked, id=4620, stack(0x0000006829c00000,0x0000006829d00000) (1024K)]
  0x0000020925e940c0 JavaThread "Service Thread"             daemon [_thread_blocked, id=13332, stack(0x0000006829d00000,0x0000006829e00000) (1024K)]
  0x0000020925e96dc0 JavaThread "Monitor Deflation Thread"   daemon [_thread_blocked, id=16088, stack(0x0000006829e00000,0x0000006829f00000) (1024K)]
=>0x0000020925e8f480 JavaThread "C2 CompilerThread0"         daemon [_thread_in_native, id=16068, stack(0x0000006829f00000,0x000000682a000000) (1024K)]
  0x0000020925f0d540 JavaThread "C1 CompilerThread0"         daemon [_thread_blocked, id=16368, stack(0x000000682a000000,0x000000682a100000) (1024K)]
  0x000002096c210d50 JavaThread "Common-Cleaner"             daemon [_thread_blocked, id=11892, stack(0x000000682a100000,0x000000682a200000) (1024K)]
  0x000002096c2b7170 JavaThread "Notification Thread"        daemon [_thread_blocked, id=19472, stack(0x000000682a200000,0x000000682a300000) (1024K)]
  0x000002096cbfde00 JavaThread "Active Thread: Equinox Container: e691b61e-2bb3-4f73-8126-8f13dd1e2fe2"        [_thread_blocked, id=18580, stack(0x000000682a600000,0x000000682a700000) (1024K)]
  0x000002096cb59d00 JavaThread "Refresh Thread: Equinox Container: e691b61e-2bb3-4f73-8126-8f13dd1e2fe2" daemon [_thread_blocked, id=21648, stack(0x000000682a700000,0x000000682a800000) (1024K)]
  0x000002096cb683e0 JavaThread "Framework Event Dispatcher: Equinox Container: e691b61e-2bb3-4f73-8126-8f13dd1e2fe2" daemon [_thread_blocked, id=17020, stack(0x000000682a800000,0x000000682a900000) (1024K)]
  0x000002096cb68e10 JavaThread "Start Level: Equinox Container: e691b61e-2bb3-4f73-8126-8f13dd1e2fe2" daemon [_thread_blocked, id=15516, stack(0x000000682a900000,0x000000682aa00000) (1024K)]
  0x000002096d0b80c0 JavaThread "Bundle File Closer"         daemon [_thread_blocked, id=1768, stack(0x000000682aa00000,0x000000682ab00000) (1024K)]
  0x000002096cd2b330 JavaThread "SCR Component Actor"        daemon [_thread_blocked, id=17032, stack(0x000000682ab00000,0x000000682ac00000) (1024K)]
  0x000002096c5419c0 JavaThread "Worker-JM"                         [_thread_blocked, id=20700, stack(0x000000682ac00000,0x000000682ad00000) (1024K)]
  0x000002096c53ff80 JavaThread "Worker-0"                          [_thread_blocked, id=8948, stack(0x000000682ad00000,0x000000682ae00000) (1024K)]
  0x000002096c53ebd0 JavaThread "Worker-1"                          [_thread_blocked, id=12388, stack(0x000000682ae00000,0x000000682af00000) (1024K)]
  0x000002096c540ca0 JavaThread "Worker-2: Java indexing... "        [_thread_blocked, id=14244, stack(0x000000682af00000,0x000000682b000000) (1024K)]
  0x000002096c541330 JavaThread "Worker-3"                          [_thread_blocked, id=5660, stack(0x000000682b000000,0x000000682b100000) (1024K)]
  0x000002096c53f260 JavaThread "Java indexing"              daemon [_thread_in_native, id=3844, stack(0x000000682b100000,0x000000682b200000) (1024K)]
  0x000002096c540610 JavaThread "JNA Cleaner"                daemon [_thread_blocked, id=16260, stack(0x000000682b200000,0x000000682b300000) (1024K)]
  0x000002096c542050 JavaThread "Worker-4"                          [_thread_blocked, id=15632, stack(0x000000682b500000,0x000000682b600000) (1024K)]
  0x000002096f5a1fa0 JavaThread "Worker-5: Initialize Workspace"        [_thread_blocked, id=18796, stack(0x000000682b600000,0x000000682b700000) (1024K)]
  0x000002096f5a1280 JavaThread "Thread-1"                   daemon [_thread_in_native, id=21264, stack(0x000000682b700000,0x000000682b800000) (1024K)]
  0x000002096f5a1910 JavaThread "Thread-2"                   daemon [_thread_in_native, id=18720, stack(0x000000682b800000,0x000000682b900000) (1024K)]
  0x000002096f5a0bf0 JavaThread "Thread-3"                   daemon [_thread_in_native, id=14340, stack(0x000000682b900000,0x000000682ba00000) (1024K)]
  0x000002096f5a2630 JavaThread "Thread-4"                   daemon [_thread_in_native, id=3500, stack(0x000000682ba00000,0x000000682bb00000) (1024K)]
  0x000002096f5a2cc0 JavaThread "Thread-5"                   daemon [_thread_in_native, id=12132, stack(0x000000682bb00000,0x000000682bc00000) (1024K)]
  0x000002096f5a3350 JavaThread "pool-2-thread-1"                   [_thread_blocked, id=22480, stack(0x000000682bc00000,0x000000682bd00000) (1024K)]
  0x000002096f5a0560 JavaThread "WorkspaceEventsHandler"            [_thread_blocked, id=13380, stack(0x000000682bd00000,0x000000682be00000) (1024K)]
  0x000002096f5a39e0 JavaThread "pool-1-thread-1"                   [_thread_blocked, id=18284, stack(0x000000682be00000,0x000000682bf00000) (1024K)]
  0x000002096f5a67d0 JavaThread "Keep-Alive-Timer"           daemon [_thread_blocked, id=18024, stack(0x000000682c000000,0x000000682c100000) (1024K)]
Total: 35

Other Threads:
  0x000002090d61ac50 VMThread "VM Thread"                           [id=15124, stack(0x0000006829800000,0x0000006829900000) (1024K)]
  0x000002090d5c8230 WatcherThread "VM Periodic Task Thread"        [id=3616, stack(0x0000006829700000,0x0000006829800000) (1024K)]
  0x000002090d57d360 WorkerThread "GC Thread#0"                     [id=6468, stack(0x0000006829600000,0x0000006829700000) (1024K)]
  0x000002096c713b50 WorkerThread "GC Thread#1"                     [id=19212, stack(0x000000682a300000,0x000000682a400000) (1024K)]
  0x000002096c42a450 WorkerThread "GC Thread#2"                     [id=17104, stack(0x000000682a400000,0x000000682a500000) (1024K)]
  0x000002096c42a7f0 WorkerThread "GC Thread#3"                     [id=20860, stack(0x000000682a500000,0x000000682a600000) (1024K)]
Total: 6

Threads with active compile tasks:
C2 CompilerThread0  22560 6955   !   4       java.nio.file.FileTreeWalker::next (144 bytes)
Total: 1

VM state: at safepoint (normal execution)

VM Mutex/Monitor currently owned by a thread:  ([mutex/lock_event])
[0x00007ff9a06dd570] Threads_lock - owner thread: 0x000002090d61ac50
[0x00007ff9a06dd670] Heap_lock - owner thread: 0x000002096f5a1fa0

Heap address: 0x0000000080000000, size: 2048 MB, Compressed Oops mode: 32-bit

CDS archive(s) mapped at: [0x0000020926000000-0x0000020926ba0000-0x0000020926ba0000), size 12189696, SharedBaseAddress: 0x0000020926000000, ArchiveRelocationMode: 1.
Compressed class space mapped at: 0x0000020927000000-0x0000020967000000, reserved size: 1073741824
Narrow klass base: 0x0000020926000000, Narrow klass shift: 0, Narrow klass range: 0x100000000

GC Precious Log:
 CardTable entry size: 512
 CPUs: 4 total, 4 available
 Memory: 3643M
 Large Page Support: Disabled
 NUMA Support: Disabled
 Compressed Oops: Enabled (32-bit)
 Alignments: Space 512K, Generation 512K, Heap 2M
 Heap Min Capacity: 100M
 Heap Initial Capacity: 100M
 Heap Max Capacity: 2G
 Pre-touch: Disabled
 Parallel Workers: 4

Heap:
 PSYoungGen      total 24064K, used 24000K [0x00000000d5580000, 0x00000000d7000000, 0x0000000100000000)
  eden space 22016K, 100% used [0x00000000d5580000,0x00000000d6b00000,0x00000000d6b00000)
  from space 2048K, 96% used [0x00000000d6b00000,0x00000000d6cf0030,0x00000000d6d00000)
  to   space 2560K, 99% used [0x00000000d6d80000,0x00000000d6ffb520,0x00000000d7000000)
 ParOldGen       total 68608K, used 29133K [0x0000000080000000, 0x0000000084300000, 0x00000000d5580000)
  object space 68608K, 42% used [0x0000000080000000,0x0000000081c75740,0x0000000084300000)
 Metaspace       used 51854K, committed 52992K, reserved 1114112K
  class space    used 5711K, committed 6208K, reserved 1048576K

Card table byte_map: [0x0000020921260000,0x0000020921670000] _byte_map_base: 0x0000020920e60000

Marking Bits: (ParMarkBitMap*) 0x00007ff9a06e2460
 Begin Bits: [0x0000020921920000, 0x0000020923920000)
 End Bits:   [0x0000020923920000, 0x0000020925920000)

Polling page: 0x000002090d9c0000

Metaspace:

Usage:
  Non-class:     45.06 MB used.
      Class:      5.58 MB used.
       Both:     50.64 MB used.

Virtual space:
  Non-class space:       64.00 MB reserved,      45.69 MB ( 71%) committed,  1 nodes.
      Class space:        1.00 GB reserved,       6.06 MB ( <1%) committed,  1 nodes.
             Both:        1.06 GB reserved,      51.75 MB (  5%) committed. 

Chunk freelists:
   Non-Class:  1.51 MB
       Class:  9.83 MB
        Both:  11.34 MB

MaxMetaspaceSize: unlimited
CompressedClassSpaceSize: 1.00 GB
Initial GC threshold: 21.00 MB
Current GC threshold: 58.38 MB
CDS: on
 - commit_granule_bytes: 65536.
 - commit_granule_words: 8192.
 - virtual_space_node_default_size: 8388608.
 - enlarge_chunks_in_place: 1.
 - use_allocation_guard: 0.


Internal statistics:

num_allocs_failed_limit: 6.
num_arena_births: 822.
num_arena_deaths: 14.
num_vsnodes_births: 2.
num_vsnodes_deaths: 0.
num_space_committed: 828.
num_space_uncommitted: 0.
num_chunks_returned_to_freelist: 20.
num_chunks_taken_from_freelist: 2969.
num_chunk_merges: 12.
num_chunk_splits: 1827.
num_chunks_enlarged: 1034.
num_inconsistent_stats: 0.

CodeHeap 'non-profiled nmethods': size=120000Kb used=3294Kb max_used=3294Kb free=116706Kb
 bounds [0x0000020919b50000, 0x0000020919e90000, 0x0000020921080000]
CodeHeap 'profiled nmethods': size=120000Kb used=13365Kb max_used=13365Kb free=106634Kb
 bounds [0x0000020912080000, 0x0000020912d90000, 0x00000209195b0000]
CodeHeap 'non-nmethods': size=5760Kb used=1421Kb max_used=1462Kb free=4338Kb
 bounds [0x00000209195b0000, 0x0000020919820000, 0x0000020919b50000]
CodeCache: size=245760Kb, used=18080Kb, max_used=18121Kb, free=227678Kb
 total_blobs=7130, nmethods=6415, adapters=621, full_count=0
Compilation: enabled, stopped_count=0, restarted_count=0

Compilation events (20 events):
Event: 22.361 Thread 0x0000020925e8f480 nmethod 6952 0x0000020919e86110 code [0x0000020919e863a0, 0x0000020919e86bd0]
Event: 22.365 Thread 0x0000020925e8f480 6953       4       java.lang.invoke.MethodHandle::maybeCustomize (38 bytes)
Event: 22.365 Thread 0x0000020925f0d540 6954       3       org.eclipse.core.runtime.Path::isEmpty (23 bytes)
Event: 22.365 Thread 0x0000020925f0d540 nmethod 6954 0x0000020912d87f90 code [0x0000020912d88140, 0x0000020912d88308]
Event: 22.366 Thread 0x0000020925e8f480 nmethod 6953 0x0000020919e87490 code [0x0000020919e87620, 0x0000020919e87720]
Event: 22.368 Thread 0x0000020925e8f480 6955   !   4       java.nio.file.FileTreeWalker::next (144 bytes)
Event: 22.386 Thread 0x0000020925f0d540 6960       3       org.eclipse.core.internal.registry.RegistryObject::setExtraDataOffset (71 bytes)
Event: 22.387 Thread 0x0000020925f0d540 nmethod 6960 0x0000020912d88410 code [0x0000020912d885e0, 0x0000020912d88868]
Event: 22.387 Thread 0x0000020925f0d540 6961       3       org.eclipse.core.internal.registry.ConfigurationElement::<init> (57 bytes)
Event: 22.388 Thread 0x0000020925f0d540 nmethod 6961 0x0000020912d88990 code [0x0000020912d88b60, 0x0000020912d89108]
Event: 22.397 Thread 0x0000020925f0d540 6962       3       org.eclipse.core.internal.registry.RegistryObjectManager::getHandles (235 bytes)
Event: 22.398 Thread 0x0000020925f0d540 nmethod 6962 0x0000020912d89310 code [0x0000020912d895e0, 0x0000020912d8ab00]
Event: 22.399 Thread 0x0000020925f0d540 6963       3       java.lang.invoke.LambdaForm$MH/0x000002092701fc00::invoke (110 bytes)
Event: 22.399 Thread 0x0000020925f0d540 nmethod 6963 0x0000020912d8b110 code [0x0000020912d8b360, 0x0000020912d8c158]
Event: 22.399 Thread 0x0000020925f0d540 6964       3       java.lang.invoke.LambdaForm$MH/0x000002092701f400::invoke (46 bytes)
Event: 22.399 Thread 0x0000020925f0d540 nmethod 6964 0x0000020912d8c490 code [0x0000020912d8c680, 0x0000020912d8cc90]
Event: 22.417 Thread 0x0000020925f0d540 6967       3       org.eclipse.jdt.internal.compiler.util.JrtFileSystem$2::preVisitDirectory (10 bytes)
Event: 22.418 Thread 0x0000020925f0d540 nmethod 6967 0x0000020912d8ce10 code [0x0000020912d8cfc0, 0x0000020912d8d220]
Event: 22.445 Thread 0x0000020925f0d540 6968       3       jdk.internal.jimage.ImageReader$SharedImageReader$$Lambda/0x000002092761c000::<init> (15 bytes)
Event: 22.445 Thread 0x0000020925f0d540 nmethod 6968 0x0000020912d8d310 code [0x0000020912d8d4c0, 0x0000020912d8d658]

GC Heap History (20 events):
Event: 14.414 GC heap before
{Heap before GC invocations=14 (full 1):
 PSYoungGen      total 23552K, used 23375K [0x00000000d5580000, 0x00000000d7380000, 0x0000000100000000)
  eden space 22016K, 100% used [0x00000000d5580000,0x00000000d6b00000,0x00000000d6b00000)
  from space 1536K, 88% used [0x00000000d7200000,0x00000000d7353f50,0x00000000d7380000)
  to   space 1536K, 0% used [0x00000000d7080000,0x00000000d7080000,0x00000000d7200000)
 ParOldGen       total 68608K, used 15365K [0x0000000080000000, 0x0000000084300000, 0x00000000d5580000)
  object space 68608K, 22% used [0x0000000080000000,0x0000000080f01570,0x0000000084300000)
 Metaspace       used 33538K, committed 34432K, reserved 1114112K
  class space    used 3484K, committed 3840K, reserved 1048576K
}
Event: 14.416 GC heap after
{Heap after GC invocations=14 (full 1):
 PSYoungGen      total 23040K, used 800K [0x00000000d5580000, 0x00000000d7280000, 0x0000000100000000)
  eden space 22016K, 0% used [0x00000000d5580000,0x00000000d5580000,0x00000000d6b00000)
  from space 1024K, 78% used [0x00000000d7080000,0x00000000d7148000,0x00000000d7180000)
  to   space 1024K, 0% used [0x00000000d7180000,0x00000000d7180000,0x00000000d7280000)
 ParOldGen       total 68608K, used 16548K [0x0000000080000000, 0x0000000084300000, 0x00000000d5580000)
  object space 68608K, 24% used [0x0000000080000000,0x0000000081029260,0x0000000084300000)
 Metaspace       used 33538K, committed 34432K, reserved 1114112K
  class space    used 3484K, committed 3840K, reserved 1048576K
}
Event: 14.913 GC heap before
{Heap before GC invocations=15 (full 1):
 PSYoungGen      total 23040K, used 12252K [0x00000000d5580000, 0x00000000d7280000, 0x0000000100000000)
  eden space 22016K, 52% used [0x00000000d5580000,0x00000000d60af3a0,0x00000000d6b00000)
  from space 1024K, 78% used [0x00000000d7080000,0x00000000d7148000,0x00000000d7180000)
  to   space 1024K, 0% used [0x00000000d7180000,0x00000000d7180000,0x00000000d7280000)
 ParOldGen       total 68608K, used 16548K [0x0000000080000000, 0x0000000084300000, 0x00000000d5580000)
  object space 68608K, 24% used [0x0000000080000000,0x0000000081029260,0x0000000084300000)
 Metaspace       used 34924K, committed 35840K, reserved 1114112K
  class space    used 3664K, committed 4032K, reserved 1048576K
}
Event: 14.915 GC heap after
{Heap after GC invocations=15 (full 1):
 PSYoungGen      total 23040K, used 530K [0x00000000d5580000, 0x00000000d7280000, 0x0000000100000000)
  eden space 22016K, 0% used [0x00000000d5580000,0x00000000d5580000,0x00000000d6b00000)
  from space 1024K, 51% used [0x00000000d7180000,0x00000000d7204930,0x00000000d7280000)
  to   space 1024K, 0% used [0x00000000d7080000,0x00000000d7080000,0x00000000d7180000)
 ParOldGen       total 68608K, used 17255K [0x0000000080000000, 0x0000000084300000, 0x00000000d5580000)
  object space 68608K, 25% used [0x0000000080000000,0x00000000810d9f90,0x0000000084300000)
 Metaspace       used 34924K, committed 35840K, reserved 1114112K
  class space    used 3664K, committed 4032K, reserved 1048576K
}
Event: 14.915 GC heap before
{Heap before GC invocations=16 (full 2):
 PSYoungGen      total 23040K, used 530K [0x00000000d5580000, 0x00000000d7280000, 0x0000000100000000)
  eden space 22016K, 0% used [0x00000000d5580000,0x00000000d5580000,0x00000000d6b00000)
  from space 1024K, 51% used [0x00000000d7180000,0x00000000d7204930,0x00000000d7280000)
  to   space 1024K, 0% used [0x00000000d7080000,0x00000000d7080000,0x00000000d7180000)
 ParOldGen       total 68608K, used 17255K [0x0000000080000000, 0x0000000084300000, 0x00000000d5580000)
  object space 68608K, 25% used [0x0000000080000000,0x00000000810d9f90,0x0000000084300000)
 Metaspace       used 34924K, committed 35840K, reserved 1114112K
  class space    used 3664K, committed 4032K, reserved 1048576K
}
Event: 14.966 GC heap after
{Heap after GC invocations=16 (full 2):
 PSYoungGen      total 23040K, used 0K [0x00000000d5580000, 0x00000000d7280000, 0x0000000100000000)
  eden space 22016K, 0% used [0x00000000d5580000,0x00000000d5580000,0x00000000d6b00000)
  from space 1024K, 0% used [0x00000000d7180000,0x00000000d7180000,0x00000000d7280000)
  to   space 1024K, 0% used [0x00000000d7080000,0x00000000d7080000,0x00000000d7180000)
 ParOldGen       total 68608K, used 17342K [0x0000000080000000, 0x0000000084300000, 0x00000000d5580000)
  object space 68608K, 25% used [0x0000000080000000,0x00000000810ef930,0x0000000084300000)
 Metaspace       used 34924K, committed 35840K, reserved 1114112K
  class space    used 3664K, committed 4032K, reserved 1048576K
}
Event: 15.393 GC heap before
{Heap before GC invocations=17 (full 2):
 PSYoungGen      total 23040K, used 22015K [0x00000000d5580000, 0x00000000d7280000, 0x0000000100000000)
  eden space 22016K, 99% used [0x00000000d5580000,0x00000000d6afffe8,0x00000000d6b00000)
  from space 1024K, 0% used [0x00000000d7180000,0x00000000d7180000,0x00000000d7280000)
  to   space 1024K, 0% used [0x00000000d7080000,0x00000000d7080000,0x00000000d7180000)
 ParOldGen       total 68608K, used 17342K [0x0000000080000000, 0x0000000084300000, 0x00000000d5580000)
  object space 68608K, 25% used [0x0000000080000000,0x00000000810ef930,0x0000000084300000)
 Metaspace       used 37501K, committed 38528K, reserved 1114112K
  class space    used 3991K, committed 4416K, reserved 1048576K
}
Event: 15.396 GC heap after
{Heap after GC invocations=17 (full 2):
 PSYoungGen      total 23040K, used 1010K [0x00000000d5580000, 0x00000000d7200000, 0x0000000100000000)
  eden space 22016K, 0% used [0x00000000d5580000,0x00000000d5580000,0x00000000d6b00000)
  from space 1024K, 98% used [0x00000000d7080000,0x00000000d717c850,0x00000000d7180000)
  to   space 512K, 0% used [0x00000000d7180000,0x00000000d7180000,0x00000000d7200000)
 ParOldGen       total 68608K, used 17933K [0x0000000080000000, 0x0000000084300000, 0x00000000d5580000)
  object space 68608K, 26% used [0x0000000080000000,0x0000000081183650,0x0000000084300000)
 Metaspace       used 37501K, committed 38528K, reserved 1114112K
  class space    used 3991K, committed 4416K, reserved 1048576K
}
Event: 15.806 GC heap before
{Heap before GC invocations=18 (full 2):
 PSYoungGen      total 23040K, used 23026K [0x00000000d5580000, 0x00000000d7200000, 0x0000000100000000)
  eden space 22016K, 100% used [0x00000000d5580000,0x00000000d6b00000,0x00000000d6b00000)
  from space 1024K, 98% used [0x00000000d7080000,0x00000000d717c850,0x00000000d7180000)
  to   space 512K, 0% used [0x00000000d7180000,0x00000000d7180000,0x00000000d7200000)
 ParOldGen       total 68608K, used 17933K [0x0000000080000000, 0x0000000084300000, 0x00000000d5580000)
  object space 68608K, 26% used [0x0000000080000000,0x0000000081183650,0x0000000084300000)
 Metaspace       used 39956K, committed 41024K, reserved 1114112K
  class space    used 4292K, committed 4736K, reserved 1048576K
}
Event: 15.814 GC heap after
{Heap after GC invocations=18 (full 2):
 PSYoungGen      total 22528K, used 512K [0x00000000d5580000, 0x00000000d7400000, 0x0000000100000000)
  eden space 22016K, 0% used [0x00000000d5580000,0x00000000d5580000,0x00000000d6b00000)
  from space 512K, 100% used [0x00000000d7180000,0x00000000d7200000,0x00000000d7200000)
  to   space 4608K, 0% used [0x00000000d6b00000,0x00000000d6b00000,0x00000000d6f80000)
 ParOldGen       total 68608K, used 21273K [0x0000000080000000, 0x0000000084300000, 0x00000000d5580000)
  object space 68608K, 31% used [0x0000000080000000,0x00000000814c64d0,0x0000000084300000)
 Metaspace       used 39956K, committed 41024K, reserved 1114112K
  class space    used 4292K, committed 4736K, reserved 1048576K
}
Event: 17.114 GC heap before
{Heap before GC invocations=19 (full 2):
 PSYoungGen      total 22528K, used 22528K [0x00000000d5580000, 0x00000000d7400000, 0x0000000100000000)
  eden space 22016K, 100% used [0x00000000d5580000,0x00000000d6b00000,0x00000000d6b00000)
  from space 512K, 100% used [0x00000000d7180000,0x00000000d7200000,0x00000000d7200000)
  to   space 4608K, 0% used [0x00000000d6b00000,0x00000000d6b00000,0x00000000d6f80000)
 ParOldGen       total 68608K, used 21273K [0x0000000080000000, 0x0000000084300000, 0x00000000d5580000)
  object space 68608K, 31% used [0x0000000080000000,0x00000000814c64d0,0x0000000084300000)
 Metaspace       used 43325K, committed 44480K, reserved 1114112K
  class space    used 4697K, committed 5184K, reserved 1048576K
}
Event: 17.117 GC heap after
{Heap after GC invocations=19 (full 2):
 PSYoungGen      total 26624K, used 1664K [0x00000000d5580000, 0x00000000d7200000, 0x0000000100000000)
  eden space 22016K, 0% used [0x00000000d5580000,0x00000000d5580000,0x00000000d6b00000)
  from space 4608K, 36% used [0x00000000d6b00000,0x00000000d6ca0000,0x00000000d6f80000)
  to   space 2560K, 0% used [0x00000000d6f80000,0x00000000d6f80000,0x00000000d7200000)
 ParOldGen       total 68608K, used 21742K [0x0000000080000000, 0x0000000084300000, 0x00000000d5580000)
  object space 68608K, 31% used [0x0000000080000000,0x000000008153ba00,0x0000000084300000)
 Metaspace       used 43325K, committed 44480K, reserved 1114112K
  class space    used 4697K, committed 5184K, reserved 1048576K
}
Event: 18.048 GC heap before
{Heap before GC invocations=20 (full 2):
 PSYoungGen      total 26624K, used 23680K [0x00000000d5580000, 0x00000000d7200000, 0x0000000100000000)
  eden space 22016K, 100% used [0x00000000d5580000,0x00000000d6b00000,0x00000000d6b00000)
  from space 4608K, 36% used [0x00000000d6b00000,0x00000000d6ca0000,0x00000000d6f80000)
  to   space 2560K, 0% used [0x00000000d6f80000,0x00000000d6f80000,0x00000000d7200000)
 ParOldGen       total 68608K, used 21742K [0x0000000080000000, 0x0000000084300000, 0x00000000d5580000)
  object space 68608K, 31% used [0x0000000080000000,0x000000008153ba00,0x0000000084300000)
 Metaspace       used 46114K, committed 47232K, reserved 1114112K
  class space    used 5084K, committed 5568K, reserved 1048576K
}
Event: 18.053 GC heap after
{Heap after GC invocations=20 (full 2):
 PSYoungGen      total 23552K, used 1482K [0x00000000d5580000, 0x00000000d7100000, 0x0000000100000000)
  eden space 22016K, 0% used [0x00000000d5580000,0x00000000d5580000,0x00000000d6b00000)
  from space 1536K, 96% used [0x00000000d6f80000,0x00000000d70f2b48,0x00000000d7100000)
  to   space 2048K, 0% used [0x00000000d6d00000,0x00000000d6d00000,0x00000000d6f00000)
 ParOldGen       total 68608K, used 23290K [0x0000000080000000, 0x0000000084300000, 0x00000000d5580000)
  object space 68608K, 33% used [0x0000000080000000,0x00000000816bea40,0x0000000084300000)
 Metaspace       used 46114K, committed 47232K, reserved 1114112K
  class space    used 5084K, committed 5568K, reserved 1048576K
}
Event: 18.820 GC heap before
{Heap before GC invocations=21 (full 2):
 PSYoungGen      total 23552K, used 23198K [0x00000000d5580000, 0x00000000d7100000, 0x0000000100000000)
  eden space 22016K, 98% used [0x00000000d5580000,0x00000000d6ab4fb8,0x00000000d6b00000)
  from space 1536K, 96% used [0x00000000d6f80000,0x00000000d70f2b48,0x00000000d7100000)
  to   space 2048K, 0% used [0x00000000d6d00000,0x00000000d6d00000,0x00000000d6f00000)
 ParOldGen       total 68608K, used 23290K [0x0000000080000000, 0x0000000084300000, 0x00000000d5580000)
  object space 68608K, 33% used [0x0000000080000000,0x00000000816bea40,0x0000000084300000)
 Metaspace       used 48727K, committed 49792K, reserved 1114112K
  class space    used 5391K, committed 5888K, reserved 1048576K
}
Event: 18.833 GC heap after
{Heap after GC invocations=21 (full 2):
 PSYoungGen      total 23552K, used 1282K [0x00000000d5580000, 0x00000000d7000000, 0x0000000100000000)
  eden space 22016K, 0% used [0x00000000d5580000,0x00000000d5580000,0x00000000d6b00000)
  from space 1536K, 83% used [0x00000000d6d00000,0x00000000d6e40968,0x00000000d6e80000)
  to   space 1536K, 0% used [0x00000000d6e80000,0x00000000d6e80000,0x00000000d7000000)
 ParOldGen       total 68608K, used 24589K [0x0000000080000000, 0x0000000084300000, 0x00000000d5580000)
  object space 68608K, 35% used [0x0000000080000000,0x0000000081803578,0x0000000084300000)
 Metaspace       used 48727K, committed 49792K, reserved 1114112K
  class space    used 5391K, committed 5888K, reserved 1048576K
}
Event: 21.111 GC heap before
{Heap before GC invocations=22 (full 2):
 PSYoungGen      total 23552K, used 23298K [0x00000000d5580000, 0x00000000d7000000, 0x0000000100000000)
  eden space 22016K, 99% used [0x00000000d5580000,0x00000000d6afffe8,0x00000000d6b00000)
  from space 1536K, 83% used [0x00000000d6d00000,0x00000000d6e40968,0x00000000d6e80000)
  to   space 1536K, 0% used [0x00000000d6e80000,0x00000000d6e80000,0x00000000d7000000)
 ParOldGen       total 68608K, used 24589K [0x0000000080000000, 0x0000000084300000, 0x00000000d5580000)
  object space 68608K, 35% used [0x0000000080000000,0x0000000081803578,0x0000000084300000)
 Metaspace       used 50720K, committed 51776K, reserved 1114112K
  class space    used 5603K, committed 6016K, reserved 1048576K
}
Event: 21.115 GC heap after
{Heap after GC invocations=22 (full 2):
 PSYoungGen      total 23552K, used 1509K [0x00000000d5580000, 0x00000000d7100000, 0x0000000100000000)
  eden space 22016K, 0% used [0x00000000d5580000,0x00000000d5580000,0x00000000d6b00000)
  from space 1536K, 98% used [0x00000000d6e80000,0x00000000d6ff96d0,0x00000000d7000000)
  to   space 3072K, 0% used [0x00000000d6b00000,0x00000000d6b00000,0x00000000d6e00000)
 ParOldGen       total 68608K, used 25824K [0x0000000080000000, 0x0000000084300000, 0x00000000d5580000)
  object space 68608K, 37% used [0x0000000080000000,0x00000000819382a0,0x0000000084300000)
 Metaspace       used 50720K, committed 51776K, reserved 1114112K
  class space    used 5603K, committed 6016K, reserved 1048576K
}
Event: 22.055 GC heap before
{Heap before GC invocations=23 (full 2):
 PSYoungGen      total 23552K, used 23525K [0x00000000d5580000, 0x00000000d7100000, 0x0000000100000000)
  eden space 22016K, 100% used [0x00000000d5580000,0x00000000d6b00000,0x00000000d6b00000)
  from space 1536K, 98% used [0x00000000d6e80000,0x00000000d6ff96d0,0x00000000d7000000)
  to   space 3072K, 0% used [0x00000000d6b00000,0x00000000d6b00000,0x00000000d6e00000)
 ParOldGen       total 68608K, used 25824K [0x0000000080000000, 0x0000000084300000, 0x00000000d5580000)
  object space 68608K, 37% used [0x0000000080000000,0x00000000819382a0,0x0000000084300000)
 Metaspace       used 51651K, committed 52864K, reserved 1114112K
  class space    used 5682K, committed 6208K, reserved 1048576K
}
Event: 22.063 GC heap after
{Heap after GC invocations=23 (full 2):
 PSYoungGen      total 24064K, used 1984K [0x00000000d5580000, 0x00000000d7000000, 0x0000000100000000)
  eden space 22016K, 0% used [0x00000000d5580000,0x00000000d5580000,0x00000000d6b00000)
  from space 2048K, 96% used [0x00000000d6b00000,0x00000000d6cf0030,0x00000000d6d00000)
  to   space 2560K, 0% used [0x00000000d6d80000,0x00000000d6d80000,0x00000000d7000000)
 ParOldGen       total 68608K, used 27275K [0x0000000080000000, 0x0000000084300000, 0x00000000d5580000)
  object space 68608K, 39% used [0x0000000080000000,0x0000000081aa2de0,0x0000000084300000)
 Metaspace       used 51651K, committed 52864K, reserved 1114112K
  class space    used 5682K, committed 6208K, reserved 1048576K
}

Dll operation events (14 events):
Event: 0.050 Loaded shared library c:\Users\alima\.vscode\extensions\redhat.java-1.50.0-win32-x64\jre\21.0.9-win32-x86_64\bin\java.dll
Event: 0.339 Loaded shared library c:\Users\alima\.vscode\extensions\redhat.java-1.50.0-win32-x64\jre\21.0.9-win32-x86_64\bin\zip.dll
Event: 0.570 Loaded shared library C:\Users\alima\.vscode\extensions\redhat.java-1.50.0-win32-x64\jre\21.0.9-win32-x86_64\bin\instrument.dll
Event: 0.581 Loaded shared library C:\Users\alima\.vscode\extensions\redhat.java-1.50.0-win32-x64\jre\21.0.9-win32-x86_64\bin\net.dll
Event: 0.583 Loaded shared library C:\Users\alima\.vscode\extensions\redhat.java-1.50.0-win32-x64\jre\21.0.9-win32-x86_64\bin\nio.dll
Event: 0.587 Loaded shared library C:\Users\alima\.vscode\extensions\redhat.java-1.50.0-win32-x64\jre\21.0.9-win32-x86_64\bin\zip.dll
Event: 0.780 Loaded shared library C:\Users\alima\.vscode\extensions\redhat.java-1.50.0-win32-x64\jre\21.0.9-win32-x86_64\bin\jimage.dll
Event: 0.900 Loaded shared library c:\Users\alima\.vscode\extensions\redhat.java-1.50.0-win32-x64\jre\21.0.9-win32-x86_64\bin\verify.dll
Event: 4.082 Loaded shared library C:\Users\alima\AppData\Roaming\Code\User\globalStorage\redhat.java\1.50.0\config_win\org.eclipse.equinox.launcher\org.eclipse.equinox.launcher.win32.win32.x86_64_1.2.1400.v20250801-0854\eclipse_11916.dll
Event: 9.182 Loaded shared library C:\Users\alima\.vscode\extensions\redhat.java-1.50.0-win32-x64\jre\21.0.9-win32-x86_64\bin\management.dll
Event: 9.189 Loaded shared library C:\Users\alima\.vscode\extensions\redhat.java-1.50.0-win32-x64\jre\21.0.9-win32-x86_64\bin\management_ext.dll
Event: 14.667 Loaded shared library C:\Users\alima\AppData\Local\Temp\jna--159292033\jna3634866141119297167.dll
Event: 16.123 Loaded shared library C:\Users\alima\.vscode\extensions\redhat.java-1.50.0-win32-x64\jre\21.0.9-win32-x86_64\bin\sunmscapi.dll
Event: 17.127 Loaded shared library C:\Users\alima\.vscode\extensions\redhat.java-1.50.0-win32-x64\jre\21.0.9-win32-x86_64\bin\extnet.dll

Deoptimization events (20 events):
Event: 21.286 Thread 0x000002096f5a1fa0 Uncommon trap: trap_request=0xffffff45 fr.pc=0x0000020919e31ae4 relative=0x0000000000005784
Event: 21.286 Thread 0x000002096f5a1fa0 Uncommon trap: reason=unstable_if action=reinterpret pc=0x0000020919e31ae4 method=java.lang.invoke.MethodType.genericMethodType(IZ)Ljava/lang/invoke/MethodType; @ 27 c2
Event: 21.286 Thread 0x000002096f5a1fa0 DEOPT PACKING pc=0x0000020919e31ae4 sp=0x000000682b6fc7e0
Event: 21.286 Thread 0x000002096f5a1fa0 DEOPT UNPACKING pc=0x0000020919606da2 sp=0x000000682b6fc5f0 mode 2
Event: 21.287 Thread 0x000002096f5a1fa0 Uncommon trap: trap_request=0xffffff45 fr.pc=0x0000020919c24624 relative=0x0000000000000324
Event: 21.287 Thread 0x000002096f5a1fa0 Uncommon trap: reason=unstable_if action=reinterpret pc=0x0000020919c24624 method=java.lang.invoke.MethodType.genericMethodType(IZ)Ljava/lang/invoke/MethodType; @ 27 c2
Event: 21.287 Thread 0x000002096f5a1fa0 DEOPT PACKING pc=0x0000020919c24624 sp=0x000000682b6fc6f0
Event: 21.287 Thread 0x000002096f5a1fa0 DEOPT UNPACKING pc=0x0000020919606da2 sp=0x000000682b6fc5e8 mode 2
Event: 21.615 Thread 0x000002096f5a1fa0 Uncommon trap: trap_request=0xffffff45 fr.pc=0x0000020919e68938 relative=0x0000000000000598
Event: 21.615 Thread 0x000002096f5a1fa0 Uncommon trap: reason=unstable_if action=reinterpret pc=0x0000020919e68938 method=jdk.internal.jimage.ImageReader$SharedImageReader.findNode(Ljava/lang/String;)Ljdk/internal/jimage/ImageReader$Node; @ 25 c2
Event: 21.615 Thread 0x000002096f5a1fa0 DEOPT PACKING pc=0x0000020919e68938 sp=0x000000682b6fe210
Event: 21.616 Thread 0x000002096f5a1fa0 DEOPT UNPACKING pc=0x0000020919606da2 sp=0x000000682b6fe1e8 mode 2
Event: 21.661 Thread 0x000002096f5a1fa0 Uncommon trap: trap_request=0xffffff45 fr.pc=0x0000020919e66560 relative=0x00000000000001a0
Event: 21.661 Thread 0x000002096f5a1fa0 Uncommon trap: reason=unstable_if action=reinterpret pc=0x0000020919e66560 method=jdk.internal.jrtfs.JrtPath.normalize(Ljava/lang/String;)Ljava/lang/String; @ 78 c2
Event: 21.661 Thread 0x000002096f5a1fa0 DEOPT PACKING pc=0x0000020919e66560 sp=0x000000682b6fdbc0
Event: 21.661 Thread 0x000002096f5a1fa0 DEOPT UNPACKING pc=0x0000020919606da2 sp=0x000000682b6fdb40 mode 2
Event: 22.101 Thread 0x000002096f5a1fa0 Uncommon trap: trap_request=0xffffff45 fr.pc=0x0000020919e6efb4 relative=0x00000000000012b4
Event: 22.101 Thread 0x000002096f5a1fa0 Uncommon trap: reason=unstable_if action=reinterpret pc=0x0000020919e6efb4 method=org.eclipse.jdt.internal.core.util.Util.splitOn(CLjava/lang/String;II)[Ljava/lang/String; @ 21 c2
Event: 22.101 Thread 0x000002096f5a1fa0 DEOPT PACKING pc=0x0000020919e6efb4 sp=0x000000682b6fdb00
Event: 22.101 Thread 0x000002096f5a1fa0 DEOPT UNPACKING pc=0x0000020919606da2 sp=0x000000682b6fdac8 mode 2

Classes loaded (20 events):
Event: 22.204 Loading class com/sun/org/apache/xerces/internal/impl/msg/XMLSerializerMessages_en_US
Event: 22.204 Loading class com/sun/org/apache/xerces/internal/impl/msg/XMLSerializerMessages_en_US done
Event: 22.204 Loading class com/sun/org/apache/xerces/internal/impl/msg/XMLSerializerMessages_en_US
Event: 22.204 Loading class com/sun/org/apache/xerces/internal/impl/msg/XMLSerializerMessages_en_US done
Event: 22.204 Loading class com/sun/org/apache/xerces/internal/impl/msg/XMLMessages
Event: 22.204 Loading class com/sun/org/apache/xerces/internal/impl/msg/XMLMessages done
Event: 22.204 Loading class com/sun/org/apache/xerces/internal/impl/msg/XMLMessages
Event: 22.204 Loading class com/sun/org/apache/xerces/internal/impl/msg/XMLMessages done
Event: 22.206 Loading class com/sun/org/apache/xerces/internal/impl/msg/XMLMessages_en
Event: 22.206 Loading class com/sun/org/apache/xerces/internal/impl/msg/XMLMessages_en done
Event: 22.206 Loading class com/sun/org/apache/xerces/internal/impl/msg/XMLMessages_en
Event: 22.206 Loading class com/sun/org/apache/xerces/internal/impl/msg/XMLMessages_en done
Event: 22.206 Loading class com/sun/org/apache/xerces/internal/impl/msg/XMLMessages_en_US
Event: 22.206 Loading class com/sun/org/apache/xerces/internal/impl/msg/XMLMessages_en_US done
Event: 22.206 Loading class com/sun/org/apache/xerces/internal/impl/msg/XMLMessages_en_US
Event: 22.206 Loading class com/sun/org/apache/xerces/internal/impl/msg/XMLMessages_en_US done
Event: 22.267 Loading class java/util/WeakHashMap$KeyIterator
Event: 22.268 Loading class java/util/WeakHashMap$KeyIterator done
Event: 22.397 Loading class java/util/Hashtable$KeySet
Event: 22.398 Loading class java/util/Hashtable$KeySet done

Classes unloaded (7 events):
Event: 11.775 Thread 0x000002090d61ac50 Unloading class 0x00000209271a9400 'java/lang/invoke/LambdaForm$MH+0x00000209271a9400'
Event: 11.775 Thread 0x000002090d61ac50 Unloading class 0x00000209271a9000 'java/lang/invoke/LambdaForm$MH+0x00000209271a9000'
Event: 11.775 Thread 0x000002090d61ac50 Unloading class 0x00000209271a8c00 'java/lang/invoke/LambdaForm$MH+0x00000209271a8c00'
Event: 11.775 Thread 0x000002090d61ac50 Unloading class 0x00000209271a8800 'java/lang/invoke/LambdaForm$MH+0x00000209271a8800'
Event: 11.775 Thread 0x000002090d61ac50 Unloading class 0x00000209271a8400 'java/lang/invoke/LambdaForm$BMH+0x00000209271a8400'
Event: 11.775 Thread 0x000002090d61ac50 Unloading class 0x00000209271a8000 'java/lang/invoke/LambdaForm$DMH+0x00000209271a8000'
Event: 11.775 Thread 0x000002090d61ac50 Unloading class 0x00000209271a6c00 'java/lang/invoke/LambdaForm$DMH+0x00000209271a6c00'

Classes redefined (0 events):
No events

Internal exceptions (20 events):
Event: 20.989 Thread 0x000002096f5a1fa0 Exception <a 'sun/nio/fs/WindowsException'{0x00000000d6a469c0}> (0x00000000d6a469c0) 
thrown [s\src\hotspot\share\prims\jni.cpp, line 520]
Event: 20.989 Thread 0x000002096f5a1fa0 Exception <a 'sun/nio/fs/WindowsException'{0x00000000d6a46ff0}> (0x00000000d6a46ff0) 
thrown [s\src\hotspot\share\prims\jni.cpp, line 520]
Event: 20.994 Thread 0x000002096f5a1fa0 Exception <a 'sun/nio/fs/WindowsException'{0x00000000d6a4bc20}> (0x00000000d6a4bc20) 
thrown [s\src\hotspot\share\prims\jni.cpp, line 520]
Event: 20.994 Thread 0x000002096f5a1fa0 Exception <a 'sun/nio/fs/WindowsException'{0x00000000d6a4c250}> (0x00000000d6a4c250) 
thrown [s\src\hotspot\share\prims\jni.cpp, line 520]
Event: 21.034 Thread 0x000002096f5a1fa0 Exception <a 'sun/nio/fs/WindowsException'{0x00000000d6a96050}> (0x00000000d6a96050) 
thrown [s\src\hotspot\share\prims\jni.cpp, line 520]
Event: 21.153 Thread 0x000002096f5a1fa0 Exception <a 'sun/nio/fs/WindowsException'{0x00000000d560fda0}> (0x00000000d560fda0) 
thrown [s\src\hotspot\share\prims\jni.cpp, line 520]
Event: 21.156 Thread 0x000002096f5a1fa0 Exception <a 'java/io/FileNotFoundException'{0x00000000d561f280}> (0x00000000d561f280) 
thrown [s\src\hotspot\share\prims\jni.cpp, line 520]
Event: 21.160 Thread 0x000002096f5a1fa0 Exception <a 'java/io/FileNotFoundException'{0x00000000d5620298}> (0x00000000d5620298) 
thrown [s\src\hotspot\share\prims\jni.cpp, line 520]
Event: 21.281 Thread 0x000002096f5a1fa0 Implicit null exception at 0x0000020919c6b0f7 to 0x0000020919c6b368
Event: 21.283 Thread 0x000002096f5a1fa0 Exception <a 'java/lang/NoSuchMethodError'{0x00000000d582b5b0}: 'java.lang.Object java.lang.invoke.DelegatingMethodHandle$Holder.reinvoke_L(java.lang.Object, int, long, java.lang.Object, java.lang.Object, int, java.lang.Object)'> (0x00000000d582b5b0) 
thrown [s\src\hotspot\share\interpreter\linkResolver.cpp, line 773]
Event: 21.619 Thread 0x000002096f5a1fa0 Exception <a 'java/lang/NoSuchMethodError'{0x00000000d5dc1e58}: 'java.lang.Object java.lang.invoke.Invokers$Holder.invoke_MT(java.lang.Object, java.lang.Object, java.lang.Object, java.lang.Object, java.lang.Object, java.lang.Object, java.lang.Object, java.lang.Object, java.lang.Object, java.lang.Object)'> (0x00000000d5dc1e58) 
thrown [s\src\hotspot\share\interpreter\linkResolver.cpp, line 773]
Event: 22.201 Thread 0x000002096c542050 Exception <a 'java/lang/ClassNotFoundException'{0x00000000d61ac520}: com/sun/org/apache/xerces/internal/impl/msg/spi/DOMMessagesProvider> (0x00000000d61ac520) 
thrown [s\src\hotspot\share\classfile\systemDictionary.cpp, line 312]
Event: 22.202 Thread 0x000002096c542050 Exception <a 'java/lang/ClassNotFoundException'{0x00000000d61be3c0}: com/sun/org/apache/xerces/internal/impl/msg/spi/XMLSerializerMessagesProvider> (0x00000000d61be3c0) 
thrown [s\src\hotspot\share\classfile\systemDictionary.cpp, line 312]
Event: 22.204 Thread 0x000002096c542050 Exception <a 'java/lang/ClassNotFoundException'{0x00000000d61cbac0}: com/sun/org/apache/xerces/internal/impl/msg/spi/XMLMessagesProvider> (0x00000000d61cbac0) 
thrown [s\src\hotspot\share\classfile\systemDictionary.cpp, line 312]
Event: 22.218 Thread 0x000002096c542050 Exception <a 'sun/nio/fs/WindowsException'{0x00000000d6241688}> (0x00000000d6241688) 
thrown [s\src\hotspot\share\prims\jni.cpp, line 520]
Event: 22.221 Thread 0x000002096c542050 Exception <a 'sun/nio/fs/WindowsException'{0x00000000d6242ff8}> (0x00000000d6242ff8) 
thrown [s\src\hotspot\share\prims\jni.cpp, line 520]
Event: 22.254 Thread 0x000002096c542050 Exception <a 'java/io/FileNotFoundException'{0x00000000d62532d8}> (0x00000000d62532d8) 
thrown [s\src\hotspot\share\prims\jni.cpp, line 520]
Event: 22.281 Thread 0x000002096c542050 Exception <a 'java/io/FileNotFoundException'{0x00000000d6352128}> (0x00000000d6352128) 
thrown [s\src\hotspot\share\prims\jni.cpp, line 520]
Event: 22.282 Thread 0x000002096c542050 Exception <a 'java/io/FileNotFoundException'{0x00000000d63533c0}> (0x00000000d63533c0) 
thrown [s\src\hotspot\share\prims\jni.cpp, line 520]
Event: 22.283 Thread 0x000002096c542050 Exception <a 'java/io/FileNotFoundException'{0x00000000d6354118}> (0x00000000d6354118) 
thrown [s\src\hotspot\share\prims\jni.cpp, line 520]

ZGC Phase Switch (0 events):
No events

VM Operations (20 events):
Event: 20.598 Executing VM operation: HandshakeAllThreads (Deoptimize)
Event: 20.613 Executing VM operation: HandshakeAllThreads (Deoptimize) done
Event: 21.111 Executing VM operation: ParallelGCFailedAllocation (Allocation Failure)
Event: 21.115 Executing VM operation: ParallelGCFailedAllocation (Allocation Failure) done
Event: 21.234 Executing VM operation: HandshakeAllThreads (Deoptimize)
Event: 21.234 Executing VM operation: HandshakeAllThreads (Deoptimize) done
Event: 21.253 Executing VM operation: HandshakeAllThreads (Deoptimize)
Event: 21.253 Executing VM operation: HandshakeAllThreads (Deoptimize) done
Event: 21.256 Executing VM operation: HandshakeAllThreads (Deoptimize)
Event: 21.256 Executing VM operation: HandshakeAllThreads (Deoptimize) done
Event: 21.299 Executing VM operation: HandshakeAllThreads (Deoptimize)
Event: 21.299 Executing VM operation: HandshakeAllThreads (Deoptimize) done
Event: 21.320 Executing VM operation: HandshakeAllThreads (Deoptimize)
Event: 21.321 Executing VM operation: HandshakeAllThreads (Deoptimize) done
Event: 21.323 Executing VM operation: HandshakeAllThreads (Deoptimize)
Event: 21.323 Executing VM operation: HandshakeAllThreads (Deoptimize) done
Event: 21.434 Executing VM operation: HandshakeAllThreads (Deoptimize)
Event: 21.434 Executing VM operation: HandshakeAllThreads (Deoptimize) done
Event: 22.054 Executing VM operation: ParallelGCFailedAllocation (Allocation Failure)
Event: 22.063 Executing VM operation: ParallelGCFailedAllocation (Allocation Failure) done

Memory protections (0 events):
No events

Nmethod flushes (20 events):
Event: 14.937 Thread 0x000002090d61ac50 flushing  nmethod 0x000002091268f310
Event: 14.937 Thread 0x000002090d61ac50 flushing  nmethod 0x0000020912690510
Event: 14.937 Thread 0x000002090d61ac50 flushing  nmethod 0x0000020912692090
Event: 14.937 Thread 0x000002090d61ac50 flushing  nmethod 0x0000020912693d90
Event: 14.937 Thread 0x000002090d61ac50 flushing  nmethod 0x0000020912694290
Event: 14.937 Thread 0x000002090d61ac50 flushing  nmethod 0x0000020912694b90
Event: 14.937 Thread 0x000002090d61ac50 flushing  nmethod 0x0000020912695010
Event: 14.937 Thread 0x000002090d61ac50 flushing  nmethod 0x0000020912695b90
Event: 14.937 Thread 0x000002090d61ac50 flushing  nmethod 0x0000020912698110
Event: 14.937 Thread 0x000002090d61ac50 flushing  nmethod 0x00000209126a2b90
Event: 14.937 Thread 0x000002090d61ac50 flushing  nmethod 0x00000209126fa990
Event: 14.937 Thread 0x000002090d61ac50 flushing  nmethod 0x00000209126fed90
Event: 14.937 Thread 0x000002090d61ac50 flushing  nmethod 0x0000020912702b90
Event: 14.937 Thread 0x000002090d61ac50 flushing  nmethod 0x000002091270f010
Event: 14.937 Thread 0x000002090d61ac50 flushing  nmethod 0x000002091272f710
Event: 14.937 Thread 0x000002090d61ac50 flushing  nmethod 0x0000020912751210
Event: 14.937 Thread 0x000002090d61ac50 flushing  nmethod 0x000002091276e110
Event: 14.937 Thread 0x000002090d61ac50 flushing  nmethod 0x0000020912782a10
Event: 14.937 Thread 0x000002090d61ac50 flushing  nmethod 0x00000209127a9f90
Event: 14.937 Thread 0x000002090d61ac50 flushing  nmethod 0x00000209127e5690

Events (20 events):
Event: 8.272 Thread 0x000002096cb68e10 Thread added: 0x000002096c5419c0
Event: 9.551 Thread 0x000002096cb68e10 Thread added: 0x000002096c53ff80
Event: 9.584 Thread 0x000002096cb68e10 Thread added: 0x000002096c53ebd0
Event: 12.179 Thread 0x000002096c53ebd0 Thread added: 0x000002096c540ca0
Event: 12.276 Thread 0x000002096c540ca0 Thread added: 0x000002096c541330
Event: 13.545 Thread 0x000002096cb68e10 Thread added: 0x000002096c53f260
Event: 14.747 Thread 0x000002096cb68e10 Thread added: 0x000002096c540610
Event: 15.094 Thread 0x000002096c540ca0 Thread added: 0x000002096c542050
Event: 15.162 Thread 0x000002096c542050 Thread added: 0x000002096f5a1fa0
Event: 15.297 Thread 0x000002090d55f050 Thread added: 0x000002096f5a1280
Event: 15.298 Thread 0x000002090d55f050 Thread added: 0x000002096f5a1910
Event: 15.298 Thread 0x000002090d55f050 Thread added: 0x000002096f5a0bf0
Event: 15.299 Thread 0x000002090d55f050 Thread added: 0x000002096f5a2630
Event: 15.299 Thread 0x000002090d55f050 Thread added: 0x000002096f5a2cc0
Event: 15.339 Thread 0x000002090d55f050 Thread added: 0x000002096f5a3350
Event: 16.402 Thread 0x000002090d55f050 Thread added: 0x000002096f5a0560
Event: 16.402 Thread 0x000002090d55f050 Thread added: 0x000002096f5a39e0
Event: 18.406 Thread 0x000002096c540ca0 Thread added: 0x000002096f5a4070
Event: 18.418 Thread 0x000002096f5a4070 Thread exited: 0x000002096f5a4070
Event: 18.846 Thread 0x000002096c540ca0 Thread added: 0x000002096f5a67d0


Dynamic libraries:
0x00007ff7c2150000 - 0x00007ff7c215e000 	c:\Users\alima\.vscode\extensions\redhat.java-1.50.0-win32-x64\jre\21.0.9-win32-x86_64\bin\java.exe
0x00007ffa89f40000 - 0x00007ffa8a1a7000 	C:\WINDOWS\SYSTEM32\ntdll.dll
0x00007ffa88eb0000 - 0x00007ffa88f79000 	C:\WINDOWS\System32\KERNEL32.DLL
0x00007ffa878b0000 - 0x00007ffa87c9f000 	C:\WINDOWS\System32\KERNELBASE.dll
0x00007ffa87410000 - 0x00007ffa8755b000 	C:\WINDOWS\System32\ucrtbase.dll
0x00007ffa5ff40000 - 0x00007ffa5ff58000 	c:\Users\alima\.vscode\extensions\redhat.java-1.50.0-win32-x64\jre\21.0.9-win32-x86_64\bin\jli.dll
0x00007ffa89cb0000 - 0x00007ffa89e75000 	C:\WINDOWS\System32\USER32.dll
0x00007ffa87cb0000 - 0x00007ffa87cd7000 	C:\WINDOWS\System32\win32u.dll
0x00007ffa88e30000 - 0x00007ffa88e5b000 	C:\WINDOWS\System32\GDI32.dll
0x00007ffa87560000 - 0x00007ffa8768c000 	C:\WINDOWS\System32\gdi32full.dll
0x00007ffa87800000 - 0x00007ffa878a3000 	C:\WINDOWS\System32\msvcp_win.dll
0x00007ffa5fe20000 - 0x00007ffa5fe3e000 	c:\Users\alima\.vscode\extensions\redhat.java-1.50.0-win32-x64\jre\21.0.9-win32-x86_64\bin\VCRUNTIME140.dll
0x00007ffa72200000 - 0x00007ffa72493000 	C:\WINDOWS\WinSxS\amd64_microsoft.windows.common-controls_6595b64144ccf1df_6.0.26100.7309_none_3e05feeae336a044\COMCTL32.dll
0x00007ffa88be0000 - 0x00007ffa88c89000 	C:\WINDOWS\System32\msvcrt.dll
0x00007ffa88aa0000 - 0x00007ffa88ad1000 	C:\WINDOWS\System32\IMM32.DLL
0x00007ffa6fe90000 - 0x00007ffa6fe9c000 	c:\Users\alima\.vscode\extensions\redhat.java-1.50.0-win32-x64\jre\21.0.9-win32-x86_64\bin\vcruntime140_1.dll
0x00007ffa5fd20000 - 0x00007ffa5fdad000 	c:\Users\alima\.vscode\extensions\redhat.java-1.50.0-win32-x64\jre\21.0.9-win32-x86_64\bin\msvcp140.dll
0x00007ff99fa20000 - 0x00007ff9a07c0000 	c:\Users\alima\.vscode\extensions\redhat.java-1.50.0-win32-x64\jre\21.0.9-win32-x86_64\bin\server\jvm.dll
0x00007ffa89360000 - 0x00007ffa89414000 	C:\WINDOWS\System32\ADVAPI32.dll
0x00007ffa891f0000 - 0x00007ffa89296000 	C:\WINDOWS\System32\sechost.dll
0x00007ffa89660000 - 0x00007ffa89778000 	C:\WINDOWS\System32\RPCRT4.dll
0x00007ffa897a0000 - 0x00007ffa89814000 	C:\WINDOWS\System32\WS2_32.dll
0x00007ffa86ef0000 - 0x00007ffa86f4e000 	C:\WINDOWS\SYSTEM32\POWRPROF.dll
0x00007ffa724a0000 - 0x00007ffa724d5000 	C:\WINDOWS\SYSTEM32\WINMM.dll
0x00007ffa773e0000 - 0x00007ffa773eb000 	C:\WINDOWS\SYSTEM32\VERSION.dll
0x00007ffa86e20000 - 0x00007ffa86e34000 	C:\WINDOWS\SYSTEM32\UMPDC.dll
0x00007ffa85e40000 - 0x00007ffa85e5b000 	C:\WINDOWS\SYSTEM32\kernel.appcore.dll
0x00007ffa5fe10000 - 0x00007ffa5fe1a000 	c:\Users\alima\.vscode\extensions\redhat.java-1.50.0-win32-x64\jre\21.0.9-win32-x86_64\bin\jimage.dll
0x00007ffa7ff00000 - 0x00007ffa80142000 	C:\WINDOWS\SYSTEM32\DBGHELP.DLL
0x00007ffa87ce0000 - 0x00007ffa88065000 	C:\WINDOWS\System32\combase.dll
0x00007ffa88f80000 - 0x00007ffa89056000 	C:\WINDOWS\System32\OLEAUT32.dll
0x00007ffa5cad0000 - 0x00007ffa5cb0c000 	C:\WINDOWS\SYSTEM32\dbgcore.DLL
0x00007ffa872a0000 - 0x00007ffa87345000 	C:\WINDOWS\System32\bcryptPrimitives.dll
0x00007ffa5fd10000 - 0x00007ffa5fd1f000 	c:\Users\alima\.vscode\extensions\redhat.java-1.50.0-win32-x64\jre\21.0.9-win32-x86_64\bin\instrument.dll
0x00007ffa5fcf0000 - 0x00007ffa5fd10000 	c:\Users\alima\.vscode\extensions\redhat.java-1.50.0-win32-x64\jre\21.0.9-win32-x86_64\bin\java.dll
0x00007ffa880d0000 - 0x00007ffa88823000 	C:\WINDOWS\System32\SHELL32.dll
0x00007ffa87690000 - 0x00007ffa877fa000 	C:\WINDOWS\System32\wintypes.dll
0x00007ffa84cb0000 - 0x00007ffa8550e000 	C:\WINDOWS\SYSTEM32\windows.storage.dll
0x00007ffa88ae0000 - 0x00007ffa88bd5000 	C:\WINDOWS\System32\SHCORE.dll
0x00007ffa894e0000 - 0x00007ffa89546000 	C:\WINDOWS\System32\shlwapi.dll
0x00007ffa86fb0000 - 0x00007ffa86fd9000 	C:\WINDOWS\SYSTEM32\profapi.dll
0x00007ffa5fcd0000 - 0x00007ffa5fce8000 	c:\Users\alima\.vscode\extensions\redhat.java-1.50.0-win32-x64\jre\21.0.9-win32-x86_64\bin\zip.dll
0x00007ffa5fcc0000 - 0x00007ffa5fcd0000 	C:\Users\alima\.vscode\extensions\redhat.java-1.50.0-win32-x64\jre\21.0.9-win32-x86_64\bin\net.dll
0x00007ffa77e40000 - 0x00007ffa77f68000 	C:\WINDOWS\SYSTEM32\WINHTTP.dll
0x00007ffa863b0000 - 0x00007ffa8641b000 	C:\WINDOWS\system32\mswsock.dll
0x00007ffa1af30000 - 0x00007ffa1af46000 	C:\Users\alima\.vscode\extensions\redhat.java-1.50.0-win32-x64\jre\21.0.9-win32-x86_64\bin\nio.dll
0x00007ffa19d90000 - 0x00007ffa19da0000 	c:\Users\alima\.vscode\extensions\redhat.java-1.50.0-win32-x64\jre\21.0.9-win32-x86_64\bin\verify.dll
0x00007ff9cf620000 - 0x00007ff9cf664000 	C:\Users\alima\AppData\Roaming\Code\User\globalStorage\redhat.java\1.50.0\config_win\org.eclipse.equinox.launcher\org.eclipse.equinox.launcher.win32.win32.x86_64_1.2.1400.v20250801-0854\eclipse_11916.dll
0x00007ffa88c90000 - 0x00007ffa88e27000 	C:\WINDOWS\System32\ole32.dll
0x00007ffa12f30000 - 0x00007ffa12f3a000 	C:\Users\alima\.vscode\extensions\redhat.java-1.50.0-win32-x64\jre\21.0.9-win32-x86_64\bin\management.dll
0x00007ffa11840000 - 0x00007ffa1184c000 	C:\Users\alima\.vscode\extensions\redhat.java-1.50.0-win32-x64\jre\21.0.9-win32-x86_64\bin\management_ext.dll
0x00007ffa89650000 - 0x00007ffa89658000 	C:\WINDOWS\System32\PSAPI.DLL
0x00007ffa86670000 - 0x00007ffa8668b000 	C:\WINDOWS\SYSTEM32\CRYPTSP.dll
0x00007ffa85da0000 - 0x00007ffa85dda000 	C:\WINDOWS\system32\rsaenh.dll
0x00007ffa86460000 - 0x00007ffa8648b000 	C:\WINDOWS\SYSTEM32\USERENV.dll
0x00007ffa86f80000 - 0x00007ffa86faa000 	C:\WINDOWS\SYSTEM32\bcrypt.dll
0x00007ffa86690000 - 0x00007ffa8669c000 	C:\WINDOWS\SYSTEM32\CRYPTBASE.dll
0x00007ffa85900000 - 0x00007ffa85934000 	C:\WINDOWS\SYSTEM32\IPHLPAPI.DLL
0x00007ffa89790000 - 0x00007ffa8979a000 	C:\WINDOWS\System32\NSI.dll
0x00007ff9ce7f0000 - 0x00007ff9ce839000 	C:\Users\alima\AppData\Local\Temp\jna--159292033\jna3634866141119297167.dll
0x00007ffa77e10000 - 0x00007ffa77e2e000 	C:\WINDOWS\SYSTEM32\dhcpcsvc6.DLL
0x00007ffa77de0000 - 0x00007ffa77e03000 	C:\WINDOWS\SYSTEM32\dhcpcsvc.DLL
0x00007ffa12ef0000 - 0x00007ffa12efe000 	C:\Users\alima\.vscode\extensions\redhat.java-1.50.0-win32-x64\jre\21.0.9-win32-x86_64\bin\sunmscapi.dll
0x00007ffa87120000 - 0x00007ffa87297000 	C:\WINDOWS\System32\CRYPT32.dll
0x00007ffa86890000 - 0x00007ffa868c0000 	C:\WINDOWS\SYSTEM32\ncrypt.dll
0x00007ffa86840000 - 0x00007ffa8687f000 	C:\WINDOWS\SYSTEM32\NTASN1.dll
0x00007ffa859e0000 - 0x00007ffa85b0c000 	C:\WINDOWS\SYSTEM32\DNSAPI.dll
0x00007ffa732c0000 - 0x00007ffa732cb000 	C:\Windows\System32\rasadhlp.dll
0x00007ffa73920000 - 0x00007ffa739a6000 	C:\WINDOWS\System32\fwpuclnt.dll
0x00007ffa12ee0000 - 0x00007ffa12ee9000 	C:\Users\alima\.vscode\extensions\redhat.java-1.50.0-win32-x64\jre\21.0.9-win32-x86_64\bin\extnet.dll

JVMTI agents:
c:\Users\alima\.vscode\extensions\redhat.java-1.50.0-win32-x64\lombok\lombok-1.18.39-4050.jar path:c:\Users\alima\.vscode\extensions\redhat.java-1.50.0-win32-x64\jre\21.0.9-win32-x86_64\bin\instrument.dll, loaded, initialized, instrumentlib options:none

dbghelp: loaded successfully - version: 4.0.5 - missing functions: none
symbol engine: initialized successfully - sym options: 0x614 - pdb path: .;c:\Users\alima\.vscode\extensions\redhat.java-1.50.0-win32-x64\jre\21.0.9-win32-x86_64\bin;C:\WINDOWS\SYSTEM32;C:\WINDOWS\WinSxS\amd64_microsoft.windows.common-controls_6595b64144ccf1df_6.0.26100.7309_none_3e05feeae336a044;c:\Users\alima\.vscode\extensions\redhat.java-1.50.0-win32-x64\jre\21.0.9-win32-x86_64\bin\server;C:\Users\alima\AppData\Roaming\Code\User\globalStorage\redhat.java\1.50.0\config_win\org.eclipse.equinox.launcher\org.eclipse.equinox.launcher.win32.win32.x86_64_1.2.1400.v20250801-0854;C:\Users\alima\AppData\Local\Temp\jna--159292033

VM Arguments:
jvm_args: --add-modules=ALL-SYSTEM --add-opens=java.base/java.util=ALL-UNNAMED --add-opens=java.base/java.lang=ALL-UNNAMED --add-opens=java.base/sun.nio.fs=ALL-UNNAMED -Declipse.application=org.eclipse.jdt.ls.core.id1 -Dosgi.bundles.defaultStartLevel=4 -Declipse.product=org.eclipse.jdt.ls.core.product -Djava.import.generatesMetadataFilesAtProjectRoot=false -DDetectVMInstallationsJob.disabled=true -Dfile.encoding=utf8 -XX:+UseParallelGC -XX:GCTimeRatio=4 -XX:AdaptiveSizePolicyWeight=90 -Dsun.zip.disableMemoryMapping=true -Xmx2G -Xms100m -Xlog:disable -javaagent:c:\Users\alima\.vscode\extensions\redhat.java-1.50.0-win32-x64\lombok\lombok-1.18.39-4050.jar -XX:+HeapDumpOnOutOfMemoryError -XX:HeapDumpPath=c:\Users\alima\AppData\Roaming\Code\User\workspaceStorage\e32d0ac6d57bb4a587cd8653543e1ad4\redhat.java -Daether.dependencyCollector.impl=bf 
java_command: c:\Users\alima\.vscode\extensions\redhat.java-1.50.0-win32-x64\server\plugins\org.eclipse.equinox.launcher_1.7.100.v20251111-0406.jar -configuration c:\Users\alima\AppData\Roaming\Code\User\globalStorage\redhat.java\1.50.0\config_win -data c:\Users\alima\AppData\Roaming\Code\User\workspaceStorage\e32d0ac6d57bb4a587cd8653543e1ad4\redhat.java\jdt_ws --pipe=\\.\pipe\lsp-d9c85fdf27481fb7589dfd0455859c10-sock
java_class_path (initial): c:\Users\alima\.vscode\extensions\redhat.java-1.50.0-win32-x64\server\plugins\org.eclipse.equinox.launcher_1.7.100.v20251111-0406.jar
Launcher Type: SUN_STANDARD

[Global flags]
    uintx AdaptiveSizePolicyWeight                 = 90                                        {product} {command line}
     intx CICompilerCount                          = 3                                         {product} {ergonomic}
    uintx GCTimeRatio                              = 4                                         {product} {command line}
     bool HeapDumpOnOutOfMemoryError               = true                                   {manageable} {command line}
    ccstr HeapDumpPath                             = c:\Users\alima\AppData\Roaming\Code\User\workspaceStorage\e32d0ac6d57bb4a587cd8653543e1ad4\redhat.java         {manageable} {command line}
   size_t InitialHeapSize                          = 104857600                                 {product} {command line}
   size_t MaxHeapSize                              = 2147483648                                {product} {command line}
   size_t MaxNewSize                               = 715653120                                 {product} {ergonomic}
   size_t MinHeapDeltaBytes                        = 524288                                    {product} {ergonomic}
   size_t MinHeapSize                              = 104857600                                 {product} {command line}
   size_t NewSize                                  = 34603008                                  {product} {ergonomic}
    uintx NonNMethodCodeHeapSize                   = 5832780                                {pd product} {ergonomic}
    uintx NonProfiledCodeHeapSize                  = 122912730                              {pd product} {ergonomic}
   size_t OldSize                                  = 70254592                                  {product} {ergonomic}
    uintx ProfiledCodeHeapSize                     = 122912730                              {pd product} {ergonomic}
    uintx ReservedCodeCacheSize                    = 251658240                              {pd product} {ergonomic}
     bool SegmentedCodeCache                       = true                                      {product} {ergonomic}
   size_t SoftMaxHeapSize                          = 2147483648                             {manageable} {ergonomic}
     bool UseCompressedOops                        = true                           {product lp64_product} {ergonomic}
     bool UseLargePagesIndividualAllocation        = false                                  {pd product} {ergonomic}
     bool UseParallelGC                            = true                                      {product} {command line}

Logging:
Log output configuration:
 #0: stdout all=off uptime,level,tags foldmultilines=false
 #1: stderr all=off uptime,level,tags foldmultilines=false

Release file:
JAVA_VERSION="21.0.9" 
MODULES="java.base java.compiler java.datatransfer java.xml java.prefs java.desktop java.instrument java.logging java.management java.security.sasl java.naming java.rmi java.management.rmi java.net.http java.scripting java.security.jgss java.transaction.xa java.sql java.sql.rowset java.xml.crypto java.se java.smartcardio jdk.accessibility jdk.internal.jvmstat jdk.attach jdk.charsets jdk.internal.opt jdk.zipfs jdk.compiler jdk.crypto.ec jdk.crypto.cryptoki jdk.crypto.mscapi jdk.dynalink jdk.internal.ed jdk.editpad jdk.hotspot.agent jdk.httpserver jdk.internal.le jdk.internal.vm.ci jdk.internal.vm.compiler jdk.internal.vm.compiler.management jdk.jartool jdk.javadoc jdk.jcmd jdk.management jdk.management.agent jdk.jconsole jdk.jdeps jdk.jdwp.agent jdk.jdi jdk.jfr jdk.jshell jdk.jsobject jdk.jstatd jdk.localedata jdk.management.jfr jdk.naming.dns jdk.naming.rmi jdk.net jdk.nio.mapmode jdk.random jdk.sctp jdk.security.auth jdk.security.jgss jdk.unsupported jdk.unsupported.desktop jdk.xml.dom" 

Environment Variables:
PATH=C:\Program Files\Common Files\Oracle\Java\javapath;C:\WINDOWS\system32;C:\WINDOWS;C:\WINDOWS\System32\Wbem;C:\WINDOWS\System32\WindowsPowerShell\v1.0\;C:\WINDOWS\System32\OpenSSH\;C:\Program Files\nodejs\;C:\Program Files\dotnet\;C:\Program Files (x86)\Windows Kits\10\Windows Performance Toolkit\;C:\Program Files\Git\cmd;C:\Program Files\Java\jdk-21\bin;C:\Users\alima\AppData\Local\Programs\Python\Python312\Scripts\;C:\Users\alima\AppData\Local\Programs\Python\Python312\;C:\Users\alima\AppData\Local\Microsoft\WindowsApps;C:\Users\alima\AppData\Roaming\npm;C:\Users\alima\.dotnet\tools
USERNAME=Fatma Maged
OS=Windows_NT
PROCESSOR_IDENTIFIER=Intel64 Family 6 Model 140 Stepping 1, GenuineIntel
TMP=C:\Users\alima\AppData\Local\Temp
TEMP=C:\Users\alima\AppData\Local\Temp




Periodic native trim disabled

---------------  S Y S T E M  ---------------

OS:
 Windows 11 , 64 bit Build 26100 (10.0.26100.7309)
OS uptime: 0 days 1:53 hours

CPU: total 4 (initial active 4) (2 cores per cpu, 2 threads per core) family 6 model 140 stepping 1 microcode 0x86, cx8, cmov, fxsr, ht, mmx, 3dnowpref, sse, sse2, sse3, ssse3, sse4.1, sse4.2, popcnt, lzcnt, tsc, tscinvbit, avx, avx2, aes, erms, clmul, bmi1, bmi2, adx, avx512f, avx512dq, avx512cd, avx512bw, avx512vl, sha, fma, vzeroupper, avx512_vpopcntdq, avx512_vpclmulqdq, avx512_vaes, avx512_vnni, clflush, clflushopt, clwb, avx512_vbmi2, avx512_vbmi, rdtscp, rdpid, fsrm, gfni, avx512_bitalg, f16c, pku, cet_ibt, cet_ss, avx512_ifma
Processor Information for the first 4 processors :
  Max Mhz: 2995, Current Mhz: 2995, Mhz Limit: 2995

Memory: 4k page, system-wide physical 3643M (130M free)
TotalPageFile size 11143M (AvailPageFile size 4M)
current process WorkingSet (physical memory assigned to process): 196M, peak: 212M
current process commit charge ("private bytes"): 309M, peak: 326M

vm_info: OpenJDK 64-Bit Server VM (21.0.9+10-LTS) for windows-amd64 JRE (21.0.9+10-LTS), built on 2025-10-21T00:00:00Z by "admin" with unknown MS VC++:1942

END.
